<?xml version="1.0" encoding="UTF-8"?>
<testsuite xmlns:xsi="http://www.w3.org/2001/XMLSchema-instance" xsi:noNamespaceSchemaLocation="https://maven.apache.org/surefire/maven-surefire-plugin/xsd/surefire-test-report-3.0.xsd" version="3.0" name="com.devcalc.service.CalculatorServiceTest" time="0.064" tests="5" errors="0" skipped="0" failures="0">
  <properties>
[...]
</properties>
  <testcase name="multiply_shouldReturnProduct" classname="com.devcalc.service.CalculatorServiceTest" time="0.032"/>
  <testcase name="divide_byZeroShouldThrowException" classname="com.devcalc.service.CalculatorServiceTest" time="0.003"/>
  <testcase name="divide_shouldReturnQuotient" classname="com.devcalc.service.CalculatorServiceTest" time="0.001"/>
  <testcase name="subtract_shouldReturnDifference" classname="com.devcalc.service.CalculatorServiceTest" time="0.002"/>
  <testcase name="add_shouldReturnSum" classname="com.devcalc.service.CalculatorServiceTest" time="0.002"/>
</testsuite>